[INFO] Scanning for projects...
[INFO] 
[INFO] ------------------< zw.codinho:ride-hailing-backend >-------------------
[INFO] Building ride-hailing-backend 0.0.1-SNAPSHOT
[INFO]   from pom.xml
[INFO] --------------------------------[ jar ]---------------------------------
[INFO] 
[INFO] >>> spring-boot:3.3.3:run (default-cli) > test-compile @ ride-hailing-backend >>>
[INFO] 
[INFO] --- resources:3.3.1:resources (default-resources) @ ride-hailing-backend ---
[INFO] Copying 2 resources from src\main\resources to target\classes
[INFO] Copying 3 resources from src\main\resources to target\classes
[INFO] 
[INFO] --- compiler:3.13.0:compile (default-compile) @ ride-hailing-backend ---
[INFO] Nothing to compile - all classes are up to date.
[INFO] 
[INFO] --- resources:3.3.1:testResources (default-testResources) @ ride-hailing-backend ---
[INFO] skip non existing resourceDirectory C:\Users\fraud47\Documents\projects\spring\ride-hailing-backend\src\test\resources
[INFO] 
[INFO] --- compiler:3.13.0:testCompile (default-testCompile) @ ride-hailing-backend ---
[INFO] Nothing to compile - all classes are up to date.
[INFO] 
[INFO] <<< spring-boot:3.3.3:run (default-cli) < test-compile @ ride-hailing-backend <<<
[INFO] 
[INFO] 
[INFO] --- spring-boot:3.3.3:run (default-cli) @ ride-hailing-backend ---
[INFO] Attaching agents: []

  .   ____          _            __ _ _
 /\\ / ___'_ __ _ _(_)_ __  __ _ \ \ \ \
( ( )\___ | '_ | '_| | '_ \/ _` | \ \ \ \
 \\/  ___)| |_)| | | | | || (_| |  ) ) ) )
  '  |____| .__|_| |_|_| |_\__, | / / / /
 =========|_|==============|___/=/_/_/_/

 :: Spring Boot ::                (v3.3.3)

2026-03-31T17:47:33.073+02:00  INFO 25984 --- [ride-hailing-backend] [           main] z.c.ridehail.RideHailingApplication      : Starting RideHailingApplication using Java 21.0.5 with PID 25984 (C:\Users\fraud47\Documents\projects\spring\ride-hailing-backend\target\classes started by fraud47 in C:\Users\fraud47\Documents\projects\spring\ride-hailing-backend)
2026-03-31T17:47:33.076+02:00  INFO 25984 --- [ride-hailing-backend] [           main] z.c.ridehail.RideHailingApplication      : The following 1 profile is active: "test"
2026-03-31T17:47:34.680+02:00  INFO 25984 --- [ride-hailing-backend] [           main] .s.d.r.c.RepositoryConfigurationDelegate : Bootstrapping Spring Data JPA repositories in DEFAULT mode.
2026-03-31T17:47:34.784+02:00  INFO 25984 --- [ride-hailing-backend] [           main] .s.d.r.c.RepositoryConfigurationDelegate : Finished Spring Data repository scanning in 93 ms. Found 3 JPA repository interfaces.
2026-03-31T17:47:35.819+02:00  INFO 25984 --- [ride-hailing-backend] [           main] o.s.b.w.embedded.tomcat.TomcatWebServer  : Tomcat initialized with port 8080 (http)
2026-03-31T17:47:35.846+02:00  INFO 25984 --- [ride-hailing-backend] [           main] o.apache.catalina.core.StandardService   : Starting service [Tomcat]
2026-03-31T17:47:35.846+02:00  INFO 25984 --- [ride-hailing-backend] [           main] o.apache.catalina.core.StandardEngine    : Starting Servlet engine: [Apache Tomcat/10.1.28]
2026-03-31T17:47:35.916+02:00  INFO 25984 --- [ride-hailing-backend] [           main] o.a.c.c.C.[Tomcat].[localhost].[/]       : Initializing Spring embedded WebApplicationContext
2026-03-31T17:47:35.918+02:00  INFO 25984 --- [ride-hailing-backend] [           main] w.s.c.ServletWebServerApplicationContext : Root WebApplicationContext: initialization completed in 2802 ms
2026-03-31T17:47:36.357+02:00  INFO 25984 --- [ride-hailing-backend] [           main] com.zaxxer.hikari.HikariDataSource       : HikariPool-1 - Starting...
2026-03-31T17:47:36.604+02:00  INFO 25984 --- [ride-hailing-backend] [           main] com.zaxxer.hikari.pool.HikariPool        : HikariPool-1 - Added connection conn0: url=jdbc:h2:mem:ride_hailing_test user=SA
2026-03-31T17:47:36.607+02:00  INFO 25984 --- [ride-hailing-backend] [           main] com.zaxxer.hikari.HikariDataSource       : HikariPool-1 - Start completed.
2026-03-31T17:47:36.748+02:00  INFO 25984 --- [ride-hailing-backend] [           main] liquibase.database                       : Set default schema name to PUBLIC
2026-03-31T17:47:37.258+02:00  INFO 25984 --- [ride-hailing-backend] [           main] liquibase.changelog                      : Creating database history table with name: PUBLIC.DATABASECHANGELOG
2026-03-31T17:47:37.438+02:00  INFO 25984 --- [ride-hailing-backend] [           main] liquibase.changelog                      : Reading from PUBLIC.DATABASECHANGELOG
2026-03-31T17:47:37.507+02:00  INFO 25984 --- [ride-hailing-backend] [           main] liquibase.lockservice                    : Successfully acquired change log lock
2026-03-31T17:47:37.510+02:00  INFO 25984 --- [ride-hailing-backend] [           main] liquibase.command                        : Using deploymentId: 4972057509
2026-03-31T17:47:37.513+02:00  INFO 25984 --- [ride-hailing-backend] [           main] liquibase.changelog                      : Reading from PUBLIC.DATABASECHANGELOG
2026-03-31T17:47:37.538+02:00  INFO 25984 --- [ride-hailing-backend] [           main] liquibase.ui                             : Running Changeset: db/changelog/001-create-core-schema.sql::raw::includeAll
2026-03-31T17:47:37.617+02:00  INFO 25984 --- [ride-hailing-backend] [           main] liquibase.changelog                      : Custom SQL executed
2026-03-31T17:47:37.619+02:00  INFO 25984 --- [ride-hailing-backend] [           main] liquibase.changelog                      : ChangeSet db/changelog/001-create-core-schema.sql::raw::includeAll ran successfully in 79ms
2026-03-31T17:47:37.643+02:00  INFO 25984 --- [ride-hailing-backend] [           main] liquibase.util                           : UPDATE SUMMARY
2026-03-31T17:47:37.643+02:00  INFO 25984 --- [ride-hailing-backend] [           main] liquibase.util                           : Run:                          1
2026-03-31T17:47:37.645+02:00  INFO 25984 --- [ride-hailing-backend] [           main] liquibase.util                           : Previously run:               0
2026-03-31T17:47:37.646+02:00  INFO 25984 --- [ride-hailing-backend] [           main] liquibase.util                           : Filtered out:                 0
2026-03-31T17:47:37.646+02:00  INFO 25984 --- [ride-hailing-backend] [           main] liquibase.util                           : -------------------------------
2026-03-31T17:47:37.647+02:00  INFO 25984 --- [ride-hailing-backend] [           main] liquibase.util                           : Total change sets:            1
2026-03-31T17:47:37.648+02:00  INFO 25984 --- [ride-hailing-backend] [           main] liquibase.util                           : Update summary generated
2026-03-31T17:47:37.654+02:00  INFO 25984 --- [ride-hailing-backend] [           main] liquibase.command                        : Update command completed successfully.
2026-03-31T17:47:37.655+02:00  INFO 25984 --- [ride-hailing-backend] [           main] liquibase.ui                             : Liquibase: Update has been successful. Rows affected: 1
2026-03-31T17:47:37.660+02:00  INFO 25984 --- [ride-hailing-backend] [           main] liquibase.lockservice                    : Successfully released change log lock
2026-03-31T17:47:37.663+02:00  INFO 25984 --- [ride-hailing-backend] [           main] liquibase.command                        : Command execution complete
2026-03-31T17:47:37.821+02:00  INFO 25984 --- [ride-hailing-backend] [           main] o.hibernate.jpa.internal.util.LogHelper  : HHH000204: Processing PersistenceUnitInfo [name: default]
2026-03-31T17:47:37.921+02:00  INFO 25984 --- [ride-hailing-backend] [           main] org.hibernate.Version                    : HHH000412: Hibernate ORM core version 6.5.2.Final
2026-03-31T17:47:37.979+02:00  INFO 25984 --- [ride-hailing-backend] [           main] o.h.c.internal.RegionFactoryInitiator    : HHH000026: Second-level cache disabled
2026-03-31T17:47:38.382+02:00  INFO 25984 --- [ride-hailing-backend] [           main] o.s.o.j.p.SpringPersistenceUnitInfo      : No LoadTimeWeaver setup: ignoring JPA class transformer
2026-03-31T17:47:40.209+02:00  INFO 25984 --- [ride-hailing-backend] [           main] o.h.e.t.j.p.i.JtaPlatformInitiator       : HHH000489: No JTA platform available (set 'hibernate.transaction.jta.platform' to enable JTA platform integration)
2026-03-31T17:47:40.274+02:00  INFO 25984 --- [ride-hailing-backend] [           main] j.LocalContainerEntityManagerFactoryBean : Initialized JPA EntityManagerFactory for persistence unit 'default'
2026-03-31T17:47:41.787+02:00  INFO 25984 --- [ride-hailing-backend] [           main] o.s.b.a.e.web.EndpointLinksResolver      : Exposing 2 endpoints beneath base path '/actuator'
2026-03-31T17:47:43.147+02:00  INFO 25984 --- [ride-hailing-backend] [           main] o.s.b.w.embedded.tomcat.TomcatWebServer  : Tomcat started on port 8080 (http) with context path '/'
2026-03-31T17:47:43.170+02:00  INFO 25984 --- [ride-hailing-backend] [           main] z.c.ridehail.RideHailingApplication      : Started RideHailingApplication in 10.69 seconds (process running for 11.17)
